<?xml version="1.0" encoding="UTF-8"?>
<!-- Generated by org.testng.reporters.JUnitXMLReporter -->
<testsuite hostname="360NDCLP040" ignored="2" name="Default test" tests="1" failures="0" timestamp="28 Aug 2018 01:30:37 GMT" time="52.905" errors="0">
  <testcase name="WriteReviewonWallnethub" time="47.839" classname="Testscript.Assignment1"/>
  <testcase name="LoginonWallnethub" time="0.0" classname="Testscript.Assignment1">
    <ignored/>
  </testcase> <!-- LoginonWallnethub -->
  <testcase name="LoginonFaceBook" time="0.0" classname="Testscript.Assignment1">
    <ignored/>
  </testcase> <!-- LoginonFaceBook -->
</testsuite> <!-- Default test -->
